<?xml version="1.0" encoding="UTF-8"?>
<!-- Generated by org.testng.reporters.JUnitReportReporter -->
<testsuite skipped="0" hostname="LV-IND-LPT-226" name="com.roughWork.Reports" tests="1" failures="0" timestamp="27 Jan 2020 23:42:37 GMT" time="0.059" errors="0">
  <testcase name="logsGeneration" time="0.059" classname="com.roughWork.Reports"/>
</testsuite> <!-- com.roughWork.Reports -->
