<?xml version="1.0" encoding="UTF-8"?>
<!-- Generated by org.testng.reporters.JUnitReportReporter -->
<testsuite skipped="0" hostname="LV-IND-LPT-226" name="com.testCases.HomePageTest" tests="1" failures="0" timestamp="28 Jan 2020 02:28:23 GMT" time="18.595" errors="0">
  <testcase name="searchProduct" time="18.595" classname="com.testCases.HomePageTest"/>
</testsuite> <!-- com.testCases.HomePageTest -->
